<?xml version="1.0" encoding="UTF-8"?>
<!-- Generated by org.testng.reporters.JUnitXMLReporter -->
<testsuite ignored="0" hostname="DESKTOP-JI70QVB" failures="1" tests="7" name="Parallel Tests" time="281.609" errors="0" timestamp="03 Jul 2023 11:44:58 GMT">
  <testcase classname="com.qa.testcases.HomePageTest" name="SearchingForAutomobileMethod" time="4.167"/>
  <testcase classname="com.qa.testcases.HomePageTest" name="SearchingForAutomobileMethod" time="9.7"/>
  <testcase classname="com.qa.testcases.HomePageTest" name="SearchingForAutomobileMethod" time="16.148"/>
  <testcase classname="com.qa.testcases.HomePageTest" name="SearchingForAutomobileMethod" time="3.85"/>
  <testcase classname="com.qa.testcases.BikesPageTest" name="ClickingOnTVSBikeLogo" time="25.135">
    <failure type="org.openqa.selenium.StaleElementReferenceException" message="stale element reference: stale element not found
  (Session info: chrome=114.0.5735.199)
For documentation on this error, please visit: https://selenium.dev/exceptions/#stale_element_reference
Build info: version: &amp;apos;4.0.0&amp;apos;, revision: &amp;apos;3a21814679&amp;apos;
System info: host: &amp;apos;DESKTOP-JI70QVB&amp;apos;, ip: &amp;apos;192.168.29.195&amp;apos;, os.name: &amp;apos;Windows 10&amp;apos;, os.arch: &amp;apos;amd64&amp;apos;, os.version: &amp;apos;10.0&amp;apos;, java.version: &amp;apos;11.0.18&amp;apos;
Driver info: org.openqa.selenium.chrome.ChromeDriver
Command: [997ce3f038576a1549ce2287d0e8700b, clickElement {id=AFF18CAED1042F8EE6FF809D3A478D6D_element_127}]
Capabilities {acceptInsecureCerts: false, browserName: chrome, browserVersion: 114.0.5735.199, chrome: {chromedriverVersion: 114.0.5735.90 (386bc09e8f4f..., userDataDir: C:\Users\Vaibhav\AppData\Lo...}, goog:chromeOptions: {debuggerAddress: localhost:57424}, javascriptEnabled: true, networkConnectionEnabled: false, pageLoadStrategy: normal, platform: WINDOWS, platformName: WINDOWS, proxy: Proxy(), se:cdp: ws://localhost:57424/devtoo..., se:cdpVersion: 114.0.5735.199, setWindowRect: true, strictFileInteractability: false, timeouts: {implicit: 0, pageLoad: 300000, script: 30000}, unhandledPromptBehavior: dismiss and notify, webauthn:extension:credBlob: true, webauthn:extension:largeBlob: true, webauthn:extension:minPinLength: true, webauthn:extension:prf: true, webauthn:virtualAuthenticators: true}
Element: [[ChromeDriver: chrome on WINDOWS (997ce3f038576a1549ce2287d0e8700b)] -&amp;gt; xpath: (//a[text()=&amp;quot;TVS&amp;quot;])[1]]
Session ID: 997ce3f038576a1549ce2287d0e8700b">
      <![CDATA[org.openqa.selenium.StaleElementReferenceException: stale element reference: stale element not found
  (Session info: chrome=114.0.5735.199)
For documentation on this error, please visit: https://selenium.dev/exceptions/#stale_element_reference
Build info: version: '4.0.0', revision: '3a21814679'
System info: host: 'DESKTOP-JI70QVB', ip: '192.168.29.195', os.name: 'Windows 10', os.arch: 'amd64', os.version: '10.0', java.version: '11.0.18'
Driver info: org.openqa.selenium.chrome.ChromeDriver
Command: [997ce3f038576a1549ce2287d0e8700b, clickElement {id=AFF18CAED1042F8EE6FF809D3A478D6D_element_127}]
Capabilities {acceptInsecureCerts: false, browserName: chrome, browserVersion: 114.0.5735.199, chrome: {chromedriverVersion: 114.0.5735.90 (386bc09e8f4f..., userDataDir: C:\Users\Vaibhav\AppData\Lo...}, goog:chromeOptions: {debuggerAddress: localhost:57424}, javascriptEnabled: true, networkConnectionEnabled: false, pageLoadStrategy: normal, platform: WINDOWS, platformName: WINDOWS, proxy: Proxy(), se:cdp: ws://localhost:57424/devtoo..., se:cdpVersion: 114.0.5735.199, setWindowRect: true, strictFileInteractability: false, timeouts: {implicit: 0, pageLoad: 300000, script: 30000}, unhandledPromptBehavior: dismiss and notify, webauthn:extension:credBlob: true, webauthn:extension:largeBlob: true, webauthn:extension:minPinLength: true, webauthn:extension:prf: true, webauthn:virtualAuthenticators: true}
Element: [[ChromeDriver: chrome on WINDOWS (997ce3f038576a1549ce2287d0e8700b)] -> xpath: (//a[text()="TVS"])[1]]
Session ID: 997ce3f038576a1549ce2287d0e8700b
	at org.openqa.selenium.remote.codec.w3c.W3CHttpResponseCodec.createException(W3CHttpResponseCodec.java:200)
	at org.openqa.selenium.remote.codec.w3c.W3CHttpResponseCodec.decode(W3CHttpResponseCodec.java:133)
	at org.openqa.selenium.remote.codec.w3c.W3CHttpResponseCodec.decode(W3CHttpResponseCodec.java:53)
	at org.openqa.selenium.remote.HttpCommandExecutor.execute(HttpCommandExecutor.java:184)
	at org.openqa.selenium.remote.service.DriverCommandExecutor.invokeExecute(DriverCommandExecutor.java:164)
	at org.openqa.selenium.remote.service.DriverCommandExecutor.execute(DriverCommandExecutor.java:139)
	at org.openqa.selenium.remote.RemoteWebDriver.execute(RemoteWebDriver.java:559)
	at org.openqa.selenium.remote.RemoteWebElement.execute(RemoteWebElement.java:251)
	at org.openqa.selenium.remote.RemoteWebElement.click(RemoteWebElement.java:77)
	at org.openqa.selenium.support.pagefactory.internal.LocatingElementHandler.invoke(LocatingElementHandler.java:52)
	at com.sun.proxy.$Proxy18.click(Unknown Source)
	at com.qa.BusinessPages.NewBikesPageClass.TVSBike(NewBikesPageClass.java:40)
	at com.qa.testcases.BikesPageTest.ClickingOnTVSBikeLogo(BikesPageTest.java:33)
... Removed 33 stack frames]]>
    </failure>
  </testcase> <!-- ClickingOnTVSBikeLogo -->
  <testcase classname="com.qa.testcases.HomePageTest" name="FindforACarMethod" time="7.09"/>
  <testcase classname="com.qa.testcases.HomePageTest" name="FindForBikeMethod" time="5.121"/>
</testsuite> <!-- Parallel Tests -->
